<?xml version="1.0" encoding="UTF-8"?>
<!-- Generated by org.testng.reporters.JUnitXMLReporter -->
<testsuite hostname="DESKTOP-GBUCELS" ignored="1" name="Default test" tests="7" failures="0" timestamp="2022-10-01T08:21:38 IST" time="0.705" errors="0">
  <testcase name="amazonprime" time="0.032" classname="com.testng.features.Ignore_Demo"/>
  <testcase name="facebook" time="0.005" classname="com.testng.features.Ignore_Demo"/>
  <testcase name="gmail" time="0.018" classname="com.testng.features.Ignore_Demo"/>
  <testcase name="google" time="0.023" classname="com.testng.features.Ignore_Demo"/>
  <testcase name="twitter" time="0.008" classname="com.testng.features.Ignore_Demo"/>
  <testcase name="whatsapp" time="0.008" classname="com.testng.features.Ignore_Demo"/>
  <testcase name="youtube" time="0.011" classname="com.testng.features.Ignore_Demo"/>
  <testcase name="books" time="0.0" classname="com.testng.features.Ignore_Demo">
    <ignored/>
  </testcase> <!-- books -->
</testsuite> <!-- Default test -->
