<?xml version="1.0" encoding="UTF-8"?>
<!-- Generated by org.testng.reporters.JUnitXMLReporter -->
<testsuite hostname="DESKTOP-GBUCELS" ignored="2" name="Test" tests="6" failures="0" timestamp="2022-10-01T08:26:02 IST" time="0.656" errors="0">
  <testcase name="amazonprime" time="0.031" classname="com.testng.features.Ignore_Demo"/>
  <testcase name="gmail" time="0.015" classname="com.testng.features.Ignore_Demo"/>
  <testcase name="google" time="0.016" classname="com.testng.features.Ignore_Demo"/>
  <testcase name="twitter" time="0.0" classname="com.testng.features.Ignore_Demo"/>
  <testcase name="whatsapp" time="0.0" classname="com.testng.features.Ignore_Demo"/>
  <testcase name="youtube" time="0.0" classname="com.testng.features.Ignore_Demo"/>
  <testcase name="books" time="0.0" classname="com.testng.features.Ignore_Demo">
    <ignored/>
  </testcase> <!-- books -->
  <testcase name="facebook" time="0.0" classname="com.testng.features.Ignore_Demo">
    <ignored/>
  </testcase> <!-- facebook -->
</testsuite> <!-- Test -->
